[23:07:43] [ServerMain/INFO]: Environment: authHost='https://authserver.mojang.com', accountsHost='https://api.mojang.com', sessionHost='https://sessionserver.mojang.com', servicesHost='https://api.minecraftservices.com', name='PROD'
[23:07:44] [ServerMain/INFO]: Loaded 7 recipes
[23:07:44] [ServerMain/INFO]: Loaded 1179 advancements
[23:07:44] [Server thread/INFO]: Starting minecraft server version 1.19.4
[23:07:44] [Server thread/INFO]: Loading properties
[23:07:44] [Server thread/INFO]: Default game type: SURVIVAL
[23:07:44] [Server thread/INFO]: Generating keypair
[23:07:44] [Server thread/INFO]: Starting Minecraft server on *:25565
[23:07:44] [Server thread/INFO]: Using default channel type
[23:07:44] [Server thread/INFO]: Preparing level "world"
[23:07:45] [Server thread/INFO]: Preparing start region for dimension minecraft:overworld
[23:07:47] [Worker-Main-15/INFO]: Preparing spawn area: 0%
[23:07:47] [Worker-Main-11/INFO]: Preparing spawn area: 0%
[23:07:47] [Worker-Main-8/INFO]: Preparing spawn area: 0%
[23:07:47] [Worker-Main-15/INFO]: Preparing spawn area: 0%
[23:07:47] [Worker-Main-6/INFO]: Preparing spawn area: 0%
[23:07:47] [Server thread/INFO]: Time elapsed: 2502 ms
[23:07:47] [Server thread/INFO]: Done (3.098s)! For help, type "help"
[23:08:13] [User Authenticator #1/INFO]: UUID of player Czarbanzo is 209a52ff-ad94-4421-b60e-56ab87c2feb1
[23:08:13] [Server thread/INFO]: Czarbanzo[/192.168.1.8:64156] logged in with entity id 412 at (152.06599970929094, 108.0, 44.90860570192645)
[23:08:13] [Server thread/INFO]: Czarbanzo joined the game
[23:09:23] [Server thread/WARN]: Czarbanzo moved wrongly!
[23:16:10] [Server thread/WARN]: Czarbanzo moved wrongly!
[23:18:16] [Server thread/WARN]: Czarbanzo moved wrongly!
[23:19:02] [Server thread/WARN]: Czarbanzo moved wrongly!
[23:21:13] [Server thread/WARN]: Czarbanzo moved wrongly!
[23:21:13] [Server thread/INFO]: Czarbanzo lost connection: Disconnected
[23:21:13] [Server thread/INFO]: Czarbanzo left the game
